<?xml version="1.0" encoding="UTF-8"?>
<!-- Generated by org.testng.reporters.JUnitXMLReporter -->
<testsuite hostname="ITPRO-WS02" ignored="4" name="FeatureTest" tests="2" failures="2" timestamp="07 Apr 2022 20:51:11 GMT" time="0.663" errors="0">
  <testcase name="loginTest" time="0.0" classname="com.SuretyCloud.qa.testcases.LoginPageTest">
    <failure type="org.testng.TestNGException" message="
Method public void com.SuretyCloud.qa.testcases.LoginPageTest.loginTest(java.lang.String,java.lang.String,java.lang.String) throws java.lang.InterruptedException requires a @DataProvider named : getTestData in class com.SuretyCloud.qa.util.TestUtil">
      <![CDATA[org.testng.TestNGException: 
Method public void com.SuretyCloud.qa.testcases.LoginPageTest.loginTest(java.lang.String,java.lang.String,java.lang.String) throws java.lang.InterruptedException requires a @DataProvider named : getTestData in class com.SuretyCloud.qa.util.TestUtil
... Removed 22 stack frames]]>
    </failure>
  </testcase> <!-- loginTest -->
  <testcase name="CreateNewBond" time="0.0" classname="com.SuretyCloud.qa.testcases.CreateNewBondTest">
    <failure type="org.testng.TestNGException" message="
Method public void com.SuretyCloud.qa.testcases.CreateNewBondTest.CreateNewBond() throws java.lang.InterruptedException requires a @DataProvider named : getTestData in class com.SuretyCloud.qa.util.TestUtil">
      <![CDATA[org.testng.TestNGException: 
Method public void com.SuretyCloud.qa.testcases.CreateNewBondTest.CreateNewBond() throws java.lang.InterruptedException requires a @DataProvider named : getTestData in class com.SuretyCloud.qa.util.TestUtil
... Removed 22 stack frames]]>
    </failure>
  </testcase> <!-- CreateNewBond -->
  <testcase name="loginPageTitleTest" time="0.0" classname="com.SuretyCloud.qa.testcases.LoginPageTest">
    <ignored/>
  </testcase> <!-- loginPageTitleTest -->
  <testcase name="LogOut" time="0.0" classname="com.SuretyCloud.qa.testcases.CreateNewBondTest">
    <ignored/>
  </testcase> <!-- LogOut -->
  <testcase name="SCLogoTest" time="0.0" classname="com.SuretyCloud.qa.testcases.LoginPageTest">
    <ignored/>
  </testcase> <!-- SCLogoTest -->
  <testcase name="LogOut" time="0.0" classname="com.SuretyCloud.qa.testcases.LoginPageTest">
    <ignored/>
  </testcase> <!-- LogOut -->
</testsuite> <!-- FeatureTest -->
